1770793287681	*8FAA17C259B402E1A603DB4414A1;
1770793308195	*8FAA17C29910C8032804918B2638;
1770793308651	*5FAA17C2270E81;
1770793309177	*8FAA17C29910C803200491E58430;
1770793309700	*5FAA17C2270E81;
1770793309901	*8FAA17C259B402E2120592A554C1;
1770793310429	*8FAA17C259B402E214059C89F906;
1770793310557	*8FAA17C2E1159100000000604417;
1770793310950	*8FAA17C259B402E21605A4930080;
1770793311145	*8FAA17C29910C803200891ADDE30;
1770793335981	*20281280FA6A7C;
1770793336115	*8FAA17C2E1159100000000604417;
1770793356428	*8DAA17C2599406703A7AAF7946BB;
1770793381466	*8DAA17C29910C9030804917DB22F;
1770793389599	*8DAA17C2E1159100000000D0A6E7;
1770793389605	*5DAA17C270F427;
1770793409775	*20001280D1B45D;
1770793422293	*5FAA17C2270E81;
1770793422490	*8FAA17C2F8002006005AB0322AC1;
1770793422625	*8FAA17C2599406716A7FAC7C36C8;
